1633445212269	geckodriver	INFO	Listening on 127.0.0.1:49137
1633445213256	mozrunner::runner	INFO	Running command: "/usr/bin/firefox" "--marionette" "-foreground" "-no-remote" "-profile" "/tmp/rust_mozprofilelw9nAo"
1633445213848	Marionette	INFO	Marionette enabled
console.warn: SearchSettings: "get: No settings file exists, new profile?" (new NotFoundError("Could not open the file at /tmp/rust_mozprofilelw9nAo/search.json.mozlz4", (void 0)))
1633445214829	Marionette	INFO	Listening on port 36875
1633445214877	RemoteAgent	WARN	TLS certificate errors will be ignored for this session
1633445225010	Marionette	INFO	Stopped listening on port 36875
JavaScript error: resource:///modules/Interactions.jsm, line 230: NS_ERROR_FAILURE: Component returned failure code: 0x80004005 (NS_ERROR_FAILURE) [nsIUserIdleService.removeIdleObserver]
JavaScript error: chrome://remote/content/marionette/cert.js, line 55: NS_ERROR_NOT_AVAILABLE: Component returned failure code: 0x80040111 (NS_ERROR_NOT_AVAILABLE) [nsICertOverrideService.setDisableAllSecurityChecksAndLetAttackersInterceptMyData]

###!!! [Parent][RunMessage] Error: Channel closing: too late to send/recv, messages will be lost

1648277241080	geckodriver	INFO	Listening on 127.0.0.1:45067
1648277241084	mozrunner::runner	INFO	Running command: "/usr/bin/firefox" "--marionette" "-foreground" "-no-remote" "-profile" "/tmp/rust_mozprofileD86JUA"
ATTENTION: default value of option mesa_glthread overridden by environment.
ATTENTION: default value of option mesa_glthread overridden by environment.
ATTENTION: default value of option mesa_glthread overridden by environment.
ATTENTION: default value of option mesa_glthread overridden by environment.
1648277241831	Marionette	INFO	Marionette enabled
console.warn: SearchSettings: "get: No settings file exists, new profile?" (new NotFoundError("Could not open the file at /tmp/rust_mozprofileD86JUA/search.json.mozlz4", (void 0)))
1648277242960	Marionette	INFO	Listening on port 33375
1648277243001	RemoteAgent	WARN	TLS certificate errors will be ignored for this session
1648277337614	Marionette	INFO	Stopped listening on port 33375
JavaScript error: chrome://remote/content/marionette/cert.js, line 55: NS_ERROR_NOT_AVAILABLE: Component returned failure code: 0x80040111 (NS_ERROR_NOT_AVAILABLE) [nsICertOverrideService.setDisableAllSecurityChecksAndLetAttackersInterceptMyData]
1648277353017	geckodriver	INFO	Listening on 127.0.0.1:34925
1648277354026	mozrunner::runner	INFO	Running command: "/usr/bin/firefox" "--marionette" "-foreground" "-no-remote" "-profile" "/tmp/rust_mozprofileO2bMQA"
ATTENTION: default value of option mesa_glthread overridden by environment.
ATTENTION: default value of option mesa_glthread overridden by environment.
ATTENTION: default value of option mesa_glthread overridden by environment.
ATTENTION: default value of option mesa_glthread overridden by environment.
1648277354770	Marionette	INFO	Marionette enabled
console.warn: SearchSettings: "get: No settings file exists, new profile?" (new NotFoundError("Could not open the file at /tmp/rust_mozprofileO2bMQA/search.json.mozlz4", (void 0)))
1648277355822	Marionette	INFO	Listening on port 36125
1648277355843	RemoteAgent	WARN	TLS certificate errors will be ignored for this session
JavaScript warning: https://a0.muscache.com/airbnb/static/packages/web/common/frontend/hyperloop-browser/core.79f1646406.js, line 60: unreachable code after return statement
ATTENTION: default value of option mesa_glthread overridden by environment.
JavaScript warning: https://www.airbnb.fr/_TRCO/m/9Q/DciH/YFvtWPUH/J97tJfVQ7rYr/TisvAQ/MANIXDBy/Xmw, line 1: WEBGL_debug_renderer_info is deprecated in Firefox and will be removed. Please use RENDERER.
1648277400519	Marionette	INFO	Stopped listening on port 36125

###!!! [Child][PContentChild] Error: Send(msgname=PHttpChannel::Msg___delete__) Channel closing: too late to send/recv, messages will be lost


###!!! [Parent][PContentParent] Error: Send(msgname=PContent::Msg_DestroyBrowsingContextGroup) Closed channel: cannot send/recv


###!!! [Parent][PImageBridgeParent] Error: RunMessage(msgname=PImageBridge::Msg_WillClose) Channel closing: too late to send/recv, messages will be lost

